Couldn't import dot_parser, loading of dot files will not be possible.
784 10
2.63371181488
Iter = 0, Error = 0.459085673208, Accuracy = 0.9237, Time = 0.30699801445
Iter = 1, Error = 0.264257687189, Accuracy = 0.9402, Time = 0.295639038086
Iter = 2, Error = 0.212549545309, Accuracy = 0.9518, Time = 0.276532888412
Iter = 3, Error = 0.174629831872, Accuracy = 0.9577, Time = 0.276482105255
Iter = 4, Error = 0.145675762726, Accuracy = 0.9618, Time = 0.279385089874
Iter = 5, Error = 0.122901913064, Accuracy = 0.9658, Time = 0.280493974686
Iter = 6, Error = 0.10446713982, Accuracy = 0.9682, Time = 0.275621891022
Iter = 7, Error = 0.08923580679, Accuracy = 0.9696, Time = 0.292841911316
Iter = 8, Error = 0.0764751041265, Accuracy = 0.9714, Time = 0.276142835617
Iter = 9, Error = 0.0656716752978, Accuracy = 0.973, Time = 0.274282932281
Iter = 10, Error = 0.0564454024291, Accuracy = 0.9745, Time = 0.274050951004
Iter = 11, Error = 0.0484918127661, Accuracy = 0.9753, Time = 0.27386713028
Iter = 12, Error = 0.041570679967, Accuracy = 0.9756, Time = 0.274943828583
Iter = 13, Error = 0.0355189498145, Accuracy = 0.9757, Time = 0.275715112686
Iter = 14, Error = 0.0302284475954, Accuracy = 0.9766, Time = 0.275190830231
Iter = 15, Error = 0.0256151001974, Accuracy = 0.9773, Time = 0.273146152496
Iter = 16, Error = 0.0216141096626, Accuracy = 0.9776, Time = 0.274630069733
Iter = 17, Error = 0.0181725269631, Accuracy = 0.9775, Time = 0.273463010788
Iter = 18, Error = 0.0152314739645, Accuracy = 0.978, Time = 0.273332118988
Iter = 19, Error = 0.0127308547587, Accuracy = 0.9777, Time = 0.27391409874
Iter = 20, Error = 0.0106095818286, Accuracy = 0.9779, Time = 0.274487018585
Iter = 21, Error = 0.0088104085861, Accuracy = 0.9781, Time = 0.273555040359
Iter = 22, Error = 0.00729063367191, Accuracy = 0.9784, Time = 0.274502038956
Iter = 23, Error = 0.00602328417289, Accuracy = 0.9786, Time = 0.272810935974
Iter = 24, Error = 0.00497422066099, Accuracy = 0.9788, Time = 0.274493932724
Iter = 25, Error = 0.00410185042394, Accuracy = 0.9793, Time = 0.275232791901
Iter = 26, Error = 0.00338105758799, Accuracy = 0.9794, Time = 0.275788068771
Iter = 27, Error = 0.00279097344525, Accuracy = 0.9793, Time = 0.27934384346
Iter = 28, Error = 0.00230757236097, Accuracy = 0.9792, Time = 0.306777000427
Iter = 29, Error = 0.00191025783552, Accuracy = 0.9794, Time = 0.567107200623
Iter = 30, Error = 0.001583134379, Accuracy = 0.9794, Time = 0.273869037628
Iter = 31, Error = 0.00131360422064, Accuracy = 0.979, Time = 0.27334189415
Iter = 32, Error = 0.00109112721811, Accuracy = 0.9793, Time = 0.273941040039
Iter = 33, Error = 0.000906998661253, Accuracy = 0.9795, Time = 0.272509098053
Iter = 34, Error = 0.000754280590236, Accuracy = 0.9795, Time = 0.274837017059
Iter = 35, Error = 0.000627444985578, Accuracy = 0.9794, Time = 0.272482156754
Iter = 36, Error = 0.000521986440899, Accuracy = 0.9794, Time = 0.273641824722
Iter = 37, Error = 0.000434230489228, Accuracy = 0.9795, Time = 0.298542022705
Iter = 38, Error = 0.000361186745091, Accuracy = 0.9794, Time = 0.274525165558
Iter = 39, Error = 0.000300397808591, Accuracy = 0.9794, Time = 0.272949934006
Iter = 40, Error = 0.00024982991798, Accuracy = 0.9795, Time = 0.274981975555
Iter = 41, Error = 0.000207734654354, Accuracy = 0.9795, Time = 0.273746013641
Iter = 42, Error = 0.00017269153722, Accuracy = 0.9795, Time = 0.29453587532
Iter = 43, Error = 0.000143498234996, Accuracy = 0.9797, Time = 0.273021936417
Iter = 44, Error = 0.000119200247178, Accuracy = 0.9797, Time = 0.273456096649
Iter = 45, Error = 9.89577881677e-05, Accuracy = 0.9799, Time = 0.273210048676
Iter = 46, Error = 8.20728127531e-05, Accuracy = 0.9802, Time = 0.273749113083
Iter = 47, Error = 6.79483076304e-05, Accuracy = 0.9801, Time = 0.273355007172
Iter = 48, Error = 5.61576396979e-05, Accuracy = 0.9809, Time = 0.272601127625
Iter = 49, Error = 4.63738035839e-05, Accuracy = 0.9814, Time = 0.273619890213
Iter = 50, Error = 3.83043430502e-05, Accuracy = 0.9817, Time = 0.272640943527
Iter = 51, Error = 3.16464072151e-05, Accuracy = 0.9816, Time = 0.274135112762
Iter = 52, Error = 2.61595111113e-05, Accuracy = 0.9817, Time = 0.272944927216
Iter = 53, Error = 2.1639338269e-05, Accuracy = 0.9817, Time = 0.275499105453
Iter = 54, Error = 1.79071332457e-05, Accuracy = 0.9816, Time = 0.273339033127
Iter = 55, Error = 1.48214097132e-05, Accuracy = 0.9816, Time = 0.274302959442
Iter = 56, Error = 1.22695775936e-05, Accuracy = 0.9816, Time = 0.273421049118
Iter = 57, Error = 1.01592919631e-05, Accuracy = 0.9816, Time = 0.275858879089
Iter = 58, Error = 8.41353592194e-06, Accuracy = 0.9815, Time = 0.281596899033
Iter = 59, Error = 6.96961801553e-06, Accuracy = 0.9815, Time = 0.285310029984
Iter = 60, Error = 5.77526683203e-06, Accuracy = 0.9814, Time = 0.286949157715
Iter = 61, Error = 4.78718200136e-06, Accuracy = 0.9815, Time = 0.285058021545
Iter = 62, Error = 3.96967939648e-06, Accuracy = 0.9815, Time = 0.281703948975
Iter = 63, Error = 3.29289634182e-06, Accuracy = 0.9815, Time = 0.273613929749
Iter = 64, Error = 2.73275632947e-06, Accuracy = 0.9814, Time = 0.272939920425
Iter = 65, Error = 2.2689365175e-06, Accuracy = 0.9813, Time = 0.273901939392
Iter = 66, Error = 1.88501696471e-06, Accuracy = 0.9812, Time = 0.272717952728
Iter = 67, Error = 1.5672485269e-06, Accuracy = 0.9813, Time = 0.30126285553
Iter = 68, Error = 1.30429215819e-06, Accuracy = 0.9813, Time = 0.281523942947
Iter = 69, Error = 1.0866692329e-06, Accuracy = 0.9812, Time = 0.273870944977
Iter = 70, Error = 9.065644646e-07, Accuracy = 0.9813, Time = 0.274877071381
Iter = 71, Error = 7.57434680864e-07, Accuracy = 0.9813, Time = 0.273318052292
Iter = 72, Error = 6.34138103388e-07, Accuracy = 0.9813, Time = 0.275370836258
Iter = 73, Error = 5.31706228363e-07, Accuracy = 0.9813, Time = 0.273519992828
Iter = 74, Error = 4.47020134123e-07, Accuracy = 0.9813, Time = 0.274919033051
Iter = 75, Error = 3.76657554292e-07, Accuracy = 0.9814, Time = 0.273220062256
Iter = 76, Error = 3.18211436118e-07, Accuracy = 0.9814, Time = 0.274530887604
Iter = 77, Error = 2.69632466488e-07, Accuracy = 0.9814, Time = 0.273728847504
Iter = 78, Error = 2.29161548277e-07, Accuracy = 0.9813, Time = 0.274985074997
Iter = 79, Error = 1.9548369744e-07, Accuracy = 0.9814, Time = 0.274462938309
Iter = 80, Error = 1.67298420446e-07, Accuracy = 0.9813, Time = 0.274610042572
Iter = 81, Error = 1.43736908134e-07, Accuracy = 0.9812, Time = 0.273442983627
Iter = 82, Error = 1.24038437265e-07, Accuracy = 0.9812, Time = 0.27600312233
Iter = 83, Error = 1.07566530801e-07, Accuracy = 0.9814, Time = 0.28332400322
Iter = 84, Error = 9.36298314129e-08, Accuracy = 0.9815, Time = 0.273653030396
Iter = 85, Error = 8.19581145298e-08, Accuracy = 0.9814, Time = 0.277240991592
Iter = 86, Error = 7.20959483191e-08, Accuracy = 0.9815, Time = 0.274060964584
Iter = 87, Error = 6.37873513714e-08, Accuracy = 0.9815, Time = 0.276374816895
Iter = 88, Error = 5.6661306744e-08, Accuracy = 0.9815, Time = 0.274041891098
Iter = 89, Error = 5.06633542189e-08, Accuracy = 0.9816, Time = 0.276132106781
Iter = 90, Error = 4.55433520655e-08, Accuracy = 0.9816, Time = 0.273921012878
Iter = 91, Error = 4.11574841909e-08, Accuracy = 0.9817, Time = 0.275403022766
Iter = 92, Error = 3.74125870664e-08, Accuracy = 0.9817, Time = 0.275796890259
Iter = 93, Error = 3.41329824365e-08, Accuracy = 0.9817, Time = 0.274971008301
Iter = 94, Error = 3.13381491351e-08, Accuracy = 0.9816, Time = 0.275427103043
Iter = 95, Error = 2.88928132973e-08, Accuracy = 0.9816, Time = 0.273473978043
Iter = 96, Error = 2.67836885214e-08, Accuracy = 0.9816, Time = 0.276740074158
Iter = 97, Error = 2.49600262806e-08, Accuracy = 0.9816, Time = 0.273864984512
Iter = 98, Error = 2.33229788571e-08, Accuracy = 0.9816, Time = 0.276272058487
Iter = 99, Error = 2.18606810057e-08, Accuracy = 0.9816, Time = 0.273697853088
